c:\users\1011g\source\repos\directx11_2dgame\directx11_test\x64\release\vc143.pdb
c:\users\1011g\source\repos\directx11_2dgame\directx11_test\x64\release\userinterface.obj
c:\users\1011g\source\repos\directx11_2dgame\directx11_test\x64\release\game.obj
c:\users\1011g\source\repos\directx11_2dgame\directx11_test\x64\release\directx11_test.obj
c:\users\1011g\source\repos\directx11_2dgame\directx11_test\x64\release\linedraw.obj
c:\users\1011g\source\repos\directx11_2dgame\directx11_test\x64\release\entity.obj
c:\users\1011g\source\repos\directx11_2dgame\directx11_test\x64\release\direct3d.obj
c:\users\1011g\source\repos\directx11_2dgame\directx11_test\x64\release\system.obj
c:\users\1011g\source\repos\directx11_2dgame\directx11_test\x64\release\hitbox.obj
c:\users\1011g\source\repos\directx11_2dgame\directx11_test\x64\release\component.obj
c:\users\1011g\source\repos\directx11_2dgame\directx11_test\x64\release\camera.obj
c:\users\1011g\source\repos\directx11_2dgame\directx11_test\x64\release\texture.obj
c:\users\1011g\source\repos\directx11_2dgame\directx11_test\x64\release\stringdraw.obj
c:\users\1011g\source\repos\directx11_2dgame\directx11_test\x64\release\drawpipe.obj
c:\users\1011g\source\repos\directx11_2dgame\directx11_test\x64\release\appearance.obj
c:\users\1011g\source\repos\directx11_2dgame\directx11_test\x64\release\strategy.obj
c:\users\1011g\source\repos\directx11_2dgame\directx11_test\x64\release\routing.obj
c:\users\1011g\source\repos\directx11_2dgame\directx11_test\x64\release\interfaces.obj
c:\users\1011g\source\repos\directx11_2dgame\directx11_test\x64\release\input.obj
c:\users\1011g\source\repos\directx11_2dgame\directx11_test\x64\release\buffers.obj
c:\users\1011g\source\repos\directx11_2dgame\directx11_test\x64\release\debugassist.obj
c:\users\1011g\source\repos\directx11_2dgame\x64\release\jsoncpp.dll
c:\users\1011g\source\repos\directx11_2dgame\x64\release\blockpixelshader.cso
c:\users\1011g\source\repos\directx11_2dgame\x64\release\blockvertexshader.cso
c:\users\1011g\source\repos\directx11_2dgame\x64\release\bulletpixelshader.cso
c:\users\1011g\source\repos\directx11_2dgame\x64\release\bulletvertexshader.cso
c:\users\1011g\source\repos\directx11_2dgame\x64\release\ballpixelshader.cso
c:\users\1011g\source\repos\directx11_2dgame\x64\release\ballvertexshader.cso
c:\users\1011g\source\repos\directx11_2dgame\x64\release\charpixelshader.cso
c:\users\1011g\source\repos\directx11_2dgame\x64\release\charvertexshader.cso
c:\users\1011g\source\repos\directx11_2dgame\x64\release\effectpixelshader.cso
c:\users\1011g\source\repos\directx11_2dgame\x64\release\effectvertexshader.cso
c:\users\1011g\source\repos\directx11_2dgame\x64\release\freeshapevertexshader.cso
c:\users\1011g\source\repos\directx11_2dgame\x64\release\linevertexshader.cso
c:\users\1011g\source\repos\directx11_2dgame\x64\release\generalpixelshader.cso
c:\users\1011g\source\repos\directx11_2dgame\x64\release\generalvertexshader.cso
c:\users\1011g\source\repos\directx11_2dgame\x64\release\directx11_2dgame.exe
c:\users\1011g\source\repos\directx11_2dgame\x64\release\directx11_2dgame.pdb
c:\users\1011g\source\repos\directx11_2dgame\directx11_test\x64\release\directx11_test.res
c:\users\1011g\source\repos\directx11_2dgame\directx11_test\x64\release\directx11_2dgame.ipdb
c:\users\1011g\source\repos\directx11_2dgame\directx11_test\x64\release\directx11_2dgame.iobj
c:\users\1011g\source\repos\directx11_2dgame\directx11_test\x64\release\directx11_2dgame.tlog\cl.command.1.tlog
c:\users\1011g\source\repos\directx11_2dgame\directx11_test\x64\release\directx11_2dgame.tlog\cl.items.tlog
c:\users\1011g\source\repos\directx11_2dgame\directx11_test\x64\release\directx11_2dgame.tlog\cl.read.1.tlog
c:\users\1011g\source\repos\directx11_2dgame\directx11_test\x64\release\directx11_2dgame.tlog\cl.write.1.tlog
c:\users\1011g\source\repos\directx11_2dgame\directx11_test\x64\release\directx11_2dgame.tlog\directx11_2dgame.write.1u.tlog
c:\users\1011g\source\repos\directx11_2dgame\directx11_test\x64\release\directx11_2dgame.tlog\fxc.command.1.tlog
c:\users\1011g\source\repos\directx11_2dgame\directx11_test\x64\release\directx11_2dgame.tlog\fxc.read.1.tlog
c:\users\1011g\source\repos\directx11_2dgame\directx11_test\x64\release\directx11_2dgame.tlog\fxc.write.1.tlog
c:\users\1011g\source\repos\directx11_2dgame\directx11_test\x64\release\directx11_2dgame.tlog\link.command.1.tlog
c:\users\1011g\source\repos\directx11_2dgame\directx11_test\x64\release\directx11_2dgame.tlog\link.read.1.tlog
c:\users\1011g\source\repos\directx11_2dgame\directx11_test\x64\release\directx11_2dgame.tlog\link.secondary.1.tlog
c:\users\1011g\source\repos\directx11_2dgame\directx11_test\x64\release\directx11_2dgame.tlog\link.write.1.tlog
c:\users\1011g\source\repos\directx11_2dgame\directx11_test\x64\release\directx11_2dgame.tlog\rc.command.1.tlog
c:\users\1011g\source\repos\directx11_2dgame\directx11_test\x64\release\directx11_2dgame.tlog\rc.read.1.tlog
c:\users\1011g\source\repos\directx11_2dgame\directx11_test\x64\release\directx11_2dgame.tlog\rc.write.1.tlog
