c:\users\1011g\source\repos\directx11_2dgame\directx11_test\x64\debug\vc143.pdb
c:\users\1011g\source\repos\directx11_2dgame\directx11_test\x64\debug\vc143.idb
c:\users\1011g\source\repos\directx11_2dgame\directx11_test\x64\debug\system.obj
c:\users\1011g\source\repos\directx11_2dgame\directx11_test\x64\debug\routing.obj
c:\users\1011g\source\repos\directx11_2dgame\directx11_test\x64\debug\interfaces.obj
c:\users\1011g\source\repos\directx11_2dgame\directx11_test\x64\debug\hitbox.obj
c:\users\1011g\source\repos\directx11_2dgame\directx11_test\x64\debug\entity.obj
c:\users\1011g\source\repos\directx11_2dgame\directx11_test\x64\debug\component.obj
c:\users\1011g\source\repos\directx11_2dgame\directx11_test\x64\debug\camera.obj
c:\users\1011g\source\repos\directx11_2dgame\directx11_test\x64\debug\appearence.obj
c:\users\1011g\source\repos\directx11_2dgame\directx11_test\x64\debug\texture.obj
c:\users\1011g\source\repos\directx11_2dgame\directx11_test\x64\debug\drawpipe.obj
c:\users\1011g\source\repos\directx11_2dgame\directx11_test\x64\debug\direct3d.obj
c:\users\1011g\source\repos\directx11_2dgame\directx11_test\x64\debug\buffers.obj
c:\users\1011g\source\repos\directx11_2dgame\directx11_test\x64\debug\game.obj
c:\users\1011g\source\repos\directx11_2dgame\directx11_test\x64\debug\directx11_test.obj
c:\users\1011g\source\repos\directx11_2dgame\directx11_test\x64\debug\input.obj
c:\users\1011g\source\repos\directx11_2dgame\x64\debug\jsoncpp.dll
c:\users\1011g\source\repos\directx11_2dgame\x64\debug\coloredshader.cso
c:\users\1011g\source\repos\directx11_2dgame\x64\debug\spriteshader.cso
c:\users\1011g\source\repos\directx11_2dgame\x64\debug\spriteshader_testbed.cso
c:\users\1011g\source\repos\directx11_2dgame\x64\debug\blockpixelshader.cso
c:\users\1011g\source\repos\directx11_2dgame\x64\debug\blockvertexshader.cso
c:\users\1011g\source\repos\directx11_2dgame\x64\debug\bulletpixelshader.cso
c:\users\1011g\source\repos\directx11_2dgame\x64\debug\bulletvertexshader.cso
c:\users\1011g\source\repos\directx11_2dgame\x64\debug\characterpixelshader.cso
c:\users\1011g\source\repos\directx11_2dgame\x64\debug\charactervertexshader.cso
c:\users\1011g\source\repos\directx11_2dgame\x64\debug\shader.cso
c:\users\1011g\source\repos\directx11_2dgame\directx11_test\x64\debug\directx11_test.res
c:\users\1011g\source\repos\directx11_2dgame\directx11_test\x64\debug\directx11_2dgame.ilk
c:\users\1011g\source\repos\directx11_2dgame\directx11_test\x64\debug\appearence.obj.enc
c:\users\1011g\source\repos\directx11_2dgame\directx11_test\x64\debug\directx11_test.obj.enc
c:\users\1011g\source\repos\directx11_2dgame\directx11_test\x64\debug\drawpipe.obj.enc
c:\users\1011g\source\repos\directx11_2dgame\directx11_test\x64\debug\game.obj.enc
c:\users\1011g\source\repos\directx11_2dgame\directx11_test\x64\debug\routing.obj.enc
c:\users\1011g\source\repos\directx11_2dgame\x64\debug\directx11_2dgame.pdb
c:\users\1011g\source\repos\directx11_2dgame\directx11_test\x64\debug\directx11_2dgame.tlog\cl.command.1.tlog
c:\users\1011g\source\repos\directx11_2dgame\directx11_test\x64\debug\directx11_2dgame.tlog\cl.items.tlog
c:\users\1011g\source\repos\directx11_2dgame\directx11_test\x64\debug\directx11_2dgame.tlog\cl.read.1.tlog
c:\users\1011g\source\repos\directx11_2dgame\directx11_test\x64\debug\directx11_2dgame.tlog\cl.write.1.tlog
c:\users\1011g\source\repos\directx11_2dgame\directx11_test\x64\debug\directx11_2dgame.tlog\directx11_2dgame.write.1u.tlog
c:\users\1011g\source\repos\directx11_2dgame\directx11_test\x64\debug\directx11_2dgame.tlog\fxc.command.1.tlog
c:\users\1011g\source\repos\directx11_2dgame\directx11_test\x64\debug\directx11_2dgame.tlog\fxc.read.1.tlog
c:\users\1011g\source\repos\directx11_2dgame\directx11_test\x64\debug\directx11_2dgame.tlog\fxc.write.1.tlog
c:\users\1011g\source\repos\directx11_2dgame\directx11_test\x64\debug\directx11_2dgame.tlog\link-cvtres.read.1.tlog
c:\users\1011g\source\repos\directx11_2dgame\directx11_test\x64\debug\directx11_2dgame.tlog\link-cvtres.write.1.tlog
c:\users\1011g\source\repos\directx11_2dgame\directx11_test\x64\debug\directx11_2dgame.tlog\link-rc.read.1.tlog
c:\users\1011g\source\repos\directx11_2dgame\directx11_test\x64\debug\directx11_2dgame.tlog\link-rc.write.1.tlog
c:\users\1011g\source\repos\directx11_2dgame\directx11_test\x64\debug\directx11_2dgame.tlog\link.16404-cvtres.read.1.tlog
c:\users\1011g\source\repos\directx11_2dgame\directx11_test\x64\debug\directx11_2dgame.tlog\link.16404-cvtres.write.1.tlog
c:\users\1011g\source\repos\directx11_2dgame\directx11_test\x64\debug\directx11_2dgame.tlog\link.16404-rc.read.1.tlog
c:\users\1011g\source\repos\directx11_2dgame\directx11_test\x64\debug\directx11_2dgame.tlog\link.16404-rc.write.1.tlog
c:\users\1011g\source\repos\directx11_2dgame\directx11_test\x64\debug\directx11_2dgame.tlog\link.16404.read.1.tlog
c:\users\1011g\source\repos\directx11_2dgame\directx11_test\x64\debug\directx11_2dgame.tlog\link.16404.read.2.tlog
c:\users\1011g\source\repos\directx11_2dgame\directx11_test\x64\debug\directx11_2dgame.tlog\link.16404.write.1.tlog
c:\users\1011g\source\repos\directx11_2dgame\directx11_test\x64\debug\directx11_2dgame.tlog\link.command.1.tlog
c:\users\1011g\source\repos\directx11_2dgame\directx11_test\x64\debug\directx11_2dgame.tlog\link.read.1.tlog
c:\users\1011g\source\repos\directx11_2dgame\directx11_test\x64\debug\directx11_2dgame.tlog\link.read.2.tlog
c:\users\1011g\source\repos\directx11_2dgame\directx11_test\x64\debug\directx11_2dgame.tlog\link.read.3.tlog
c:\users\1011g\source\repos\directx11_2dgame\directx11_test\x64\debug\directx11_2dgame.tlog\link.secondary.1.tlog
c:\users\1011g\source\repos\directx11_2dgame\directx11_test\x64\debug\directx11_2dgame.tlog\link.write.1.tlog
c:\users\1011g\source\repos\directx11_2dgame\directx11_test\x64\debug\directx11_2dgame.tlog\rc.command.1.tlog
c:\users\1011g\source\repos\directx11_2dgame\directx11_test\x64\debug\directx11_2dgame.tlog\rc.read.1.tlog
c:\users\1011g\source\repos\directx11_2dgame\directx11_test\x64\debug\directx11_2dgame.tlog\rc.write.1.tlog
